nohup: ignoring input





icu_stay 28040 2.0 - 133.0
hosp_stay 66652 2.0 - 133.0
onset_icu 29248 2.0 - 133.0
onset_hosp 77012 2.0 - 131.0
onset_death 26469 2.0 - 133.0
icu_stay
hosp_stay
onset_icu
onset_hosp
onset_death
icu_stay
                       Gamma      Lognormal        Weibull    Exponential       Gamma 3p  Gen Lognormal
Gamma                    0.0   -1624.100478    1766.959987    5783.403312  177975.302248   -1784.604885
Lognormal        1624.100478            0.0    3391.060466     7407.50379  179599.402726    -160.504407
Weibull         -1766.959987   -3391.060466            0.0    4016.443325  176208.342261   -3551.564872
Exponential     -5783.403312    -7407.50379   -4016.443325            0.0  172191.898936   -7568.008197
Gamma 3p      -177975.302248 -179599.402726 -176208.342261 -172191.898936            0.0 -179759.907133
Gen Lognormal    1784.604885     160.504407    3551.564872    7568.008197  179759.907133            0.0 

hosp_stay
                       Gamma      Lognormal        Weibull    Exponential       Gamma 3p  Gen Lognormal
Gamma                    0.0  -13527.378227     5451.74484    9734.504216  205482.401227  -13705.279845
Lognormal       13527.378227            0.0   18979.123068   23261.882443  219009.779454    -177.901618
Weibull          -5451.74484  -18979.123068            0.0    4282.759376  200030.656386  -19157.024686
Exponential     -9734.504216  -23261.882443   -4282.759376            0.0  195747.897011  -23439.784061
Gamma 3p      -205482.401227 -219009.779454 -200030.656386 -195747.897011            0.0 -219187.681072
Gen Lognormal   13705.279845     177.901618   19157.024686   23439.784061  219187.681072            0.0 

onset_icu
                      Gamma     Lognormal       Weibull   Exponential      Gamma 3p Gen Lognormal
Gamma                   0.0  -2807.523289   1982.880043  11636.931371  95321.695469  -3735.841745
Lognormal       2807.523289           0.0   4790.403332   14444.45466  98129.218758   -928.318456
Weibull        -1982.880043  -4790.403332           0.0   9654.051328  93338.815426  -5718.721788
Exponential   -11636.931371  -14444.45466  -9654.051328           0.0  83684.764098 -15372.773116
Gamma 3p      -95321.695469 -98129.218758 -93338.815426 -83684.764098           0.0 -99057.537214
Gen Lognormal   3735.841745    928.318456   5718.721788  15372.773116  99057.537214           0.0 

onset_hosp
                       Gamma     Lognormal        Weibull   Exponential       Gamma 3p  Gen Lognormal
Gamma                    0.0  -5128.526294    8758.001077  41508.769264  127137.807506   -6284.611918
Lognormal        5128.526294           0.0   13886.527371  46637.295557    132266.3338   -1156.085625
Weibull         -8758.001077 -13886.527371            0.0  32750.768187  118379.806429  -15042.612995
Exponential    -41508.769264 -46637.295557  -32750.768187           0.0   85629.038243  -47793.381182
Gamma 3p      -127137.807506  -132266.3338 -118379.806429 -85629.038243            0.0 -133422.419425
Gen Lognormal    6284.611918   1156.085625   15042.612995  47793.381182  133422.419425            0.0 

onset_death
                       Gamma      Lognormal        Weibull    Exponential       Gamma 3p  Gen Lognormal
Gamma                    0.0    -452.566753    1879.496192    8171.469971  211586.561584    -460.013954
Lognormal         452.566753            0.0    2332.062945    8624.036723  212039.128337      -7.447201
Weibull         -1879.496192   -2332.062945            0.0    6291.973779  209707.065392   -2339.510146
Exponential     -8171.469971   -8624.036723   -6291.973779            0.0  203415.091614   -8631.483925
Gamma 3p      -211586.561584 -212039.128337 -209707.065392 -203415.091614            0.0 -212046.575538
Gen Lognormal     460.013954       7.447201    2339.510146    8631.483925  212046.575538            0.0 

Time elapsed:  15.6  minutes
